<?xml version="1.0" encoding="UTF-8"?>
<!-- Generated by org.testng.reporters.JUnitXMLReporter -->
<testsuite hostname="IZ-PC" name="Sysco careers" tests="2" failures="2" timestamp="12 Sep 2016 15:57:12 GMT" time="4.364" errors="0">
  <testcase name="mikeDoe" time="0.0" classname="com.sysco.test.leadAutomationTestDeveloper">
    <failure type="java.lang.Error" message="Unresolved compilation problems: 
	com.sysco.pages.HomePage cannot be resolved to a type
	com.sysco.pages.HomePage cannot be resolved to a type
	log cannot be resolved
	com.sysco.pages.careersPage cannot be resolved to a type
	com.sysco.pages.careersPage cannot be resolved to a type
	com.sysco.pages.searchJobsPage cannot be resolved to a type
	com.sysco.pages.searchJobsPage cannot be resolved to a type
	com.sysco.pages.leadAutomationTestDeveloperJobDescriptionPage cannot be resolved to a type
	com.sysco.pages.leadAutomationTestDeveloperJobDescriptionPage cannot be resolved to a type
	com.sysco.pages.CandidateInformationInput cannot be resolved to a type
	com.sysco.pages.CandidateInformationInput cannot be resolved to a type
	com.sysco.pages.candidateCardPage cannot be resolved to a type
	com.sysco.pages.candidateCardPage cannot be resolved to a type
">
      <![CDATA[java.lang.Error: Unresolved compilation problems: 
	com.sysco.pages.HomePage cannot be resolved to a type
	com.sysco.pages.HomePage cannot be resolved to a type
	log cannot be resolved
	com.sysco.pages.careersPage cannot be resolved to a type
	com.sysco.pages.careersPage cannot be resolved to a type
	com.sysco.pages.searchJobsPage cannot be resolved to a type
	com.sysco.pages.searchJobsPage cannot be resolved to a type
	com.sysco.pages.leadAutomationTestDeveloperJobDescriptionPage cannot be resolved to a type
	com.sysco.pages.leadAutomationTestDeveloperJobDescriptionPage cannot be resolved to a type
	com.sysco.pages.CandidateInformationInput cannot be resolved to a type
	com.sysco.pages.CandidateInformationInput cannot be resolved to a type
	com.sysco.pages.candidateCardPage cannot be resolved to a type
	com.sysco.pages.candidateCardPage cannot be resolved to a type

	at com.sysco.test.leadAutomationTestDeveloper.mikeDoe(leadAutomationTestDeveloper.java:43)
... Removed 30 stack frames]]>
    </failure>
  </testcase> <!-- mikeDoe -->
  <testcase name="mikeDoe" time="0.012" classname="com.sysco.test.leadAutomationTestDeveloper">
    <failure type="java.lang.Error" message="Unresolved compilation problems: 
	Constants cannot be resolved to a variable
	Constants cannot be resolved to a variable
">
      <![CDATA[java.lang.Error: Unresolved compilation problems: 
	Constants cannot be resolved to a variable
	Constants cannot be resolved to a variable

	at com.sma.utils.Utility.CaptureScreenShotAndPutInResult(Utility.java:47)
	at com.sysco.framework.TestNGCustom.onTestFailure(TestNGCustom.java:15)
... Removed 27 stack frames]]>
    </failure>
  </testcase> <!-- mikeDoe -->
</testsuite> <!-- Sysco careers -->
