<?xml version="1.0" encoding="UTF-8" ?>
<testsuite tests="3" failures="1" name="TestSuite" time="41.701" errors="0" skipped="0">
  <properties>
[...]
</properties>
  <testcase classname="com.sysco.test.leadAutomationTestDeveloper" name="mikeDoe" time="13.657"/>
  <testcase classname="com.sysco.test.leadPerformanceTest_QA" name="susanDoe" time="0.059"/>
  <testcase classname="com.sysco.test.leadPerformanceTest_QA" name="quitDriver" time="1.041">
    <failure type="java.lang.NullPointerException">java.lang.NullPointerException
	at com.sysco.test.leadPerformanceTest_QA.quitDriver(leadPerformanceTest_QA.java:63)
</failure>
    <system-out>c:\sysco-automation/
</system-out>
  </testcase>
</testsuite>