<?xml version="1.0" encoding="UTF-8"?>
<testng-results skipped="0" failed="0" total="2" passed="2">
  <reporter-output>
    <line>
      <![CDATA[<a href=ScreenCapture/09-12-2016_11-00-205.png><img src=ScreenCapture/09-12-2016_11-00-205.png alt=""height='100' width='100'/> <br />]]>
    </line>
    <line>
      <![CDATA[<a href=ScreenCapture/09-12-2016_11-20-949.png><img src=ScreenCapture/09-12-2016_11-20-949.png alt=""height='100' width='100'/> <br />]]>
    </line>
  </reporter-output>
  <suite name="Suite" duration-ms="40892" started-at="2016-09-12T15:41:41Z" finished-at="2016-09-12T15:42:21Z">
    <groups>
    </groups>
    <test name="Sysco careers" duration-ms="40892" started-at="2016-09-12T15:41:41Z" finished-at="2016-09-12T15:42:21Z">
      <class name="com.sysco.test.leadPerformanceTest_QA">
        <test-method status="PASS" signature="initDriver()[pri:0, instance:com.sysco.test.leadPerformanceTest_QA@6e1ec318]" name="initDriver" is-config="true" duration-ms="9971" started-at="2016-09-12T11:42:10Z" finished-at="2016-09-12T11:42:20Z">
          <reporter-output>
          </reporter-output>
        </test-method> <!-- initDriver -->
        <test-method status="PASS" signature="susanDoe()[pri:0, instance:com.sysco.test.leadPerformanceTest_QA@6e1ec318]" name="susanDoe" duration-ms="59" started-at="2016-09-12T11:42:20Z" finished-at="2016-09-12T11:42:20Z">
          <reporter-output>
            <line>
              <![CDATA[<a href=ScreenCapture/09-12-2016_11-20-949.png><img src=ScreenCapture/09-12-2016_11-20-949.png alt=""height='100' width='100'/> <br />]]>
            </line>
          </reporter-output>
        </test-method> <!-- susanDoe -->
        <test-method status="FAIL" signature="quitDriver()[pri:0, instance:com.sysco.test.leadPerformanceTest_QA@6e1ec318]" name="quitDriver" is-config="true" duration-ms="0" started-at="2016-09-12T11:42:21Z" finished-at="2016-09-12T11:42:21Z">
          <exception class="java.lang.NullPointerException">
            <full-stacktrace>
              <![CDATA[java.lang.NullPointerException
	at com.sysco.test.leadPerformanceTest_QA.quitDriver(leadPerformanceTest_QA.java:63)
	at sun.reflect.NativeMethodAccessorImpl.invoke0(Native Method)
	at sun.reflect.NativeMethodAccessorImpl.invoke(NativeMethodAccessorImpl.java:62)
	at sun.reflect.DelegatingMethodAccessorImpl.invoke(DelegatingMethodAccessorImpl.java:43)
	at java.lang.reflect.Method.invoke(Method.java:498)
	at org.testng.internal.MethodInvocationHelper.invokeMethod(MethodInvocationHelper.java:85)
	at org.testng.internal.Invoker.invokeConfigurationMethod(Invoker.java:510)
	at org.testng.internal.Invoker.invokeConfigurations(Invoker.java:211)
	at org.testng.internal.Invoker.invokeConfigurations(Invoker.java:138)
	at org.testng.internal.TestMethodWorker.invokeAfterClassMethods(TestMethodWorker.java:220)
	at org.testng.internal.TestMethodWorker.run(TestMethodWorker.java:111)
	at org.testng.TestRunner.privateRun(TestRunner.java:774)
	at org.testng.TestRunner.run(TestRunner.java:624)
	at org.testng.SuiteRunner.runTest(SuiteRunner.java:359)
	at org.testng.SuiteRunner.runSequentially(SuiteRunner.java:354)
	at org.testng.SuiteRunner.privateRun(SuiteRunner.java:312)
	at org.testng.SuiteRunner.run(SuiteRunner.java:261)
	at org.testng.SuiteRunnerWorker.runSuite(SuiteRunnerWorker.java:52)
	at org.testng.SuiteRunnerWorker.run(SuiteRunnerWorker.java:86)
	at org.testng.TestNG.runSuitesSequentially(TestNG.java:1191)
	at org.testng.TestNG.runSuitesLocally(TestNG.java:1116)
	at org.testng.TestNG.run(TestNG.java:1024)
	at org.apache.maven.surefire.testng.TestNGExecutor.run(TestNGExecutor.java:73)
	at org.apache.maven.surefire.testng.TestNGXmlTestSuite.execute(TestNGXmlTestSuite.java:94)
	at org.apache.maven.surefire.Surefire.run(Surefire.java:169)
	at sun.reflect.NativeMethodAccessorImpl.invoke0(Native Method)
	at sun.reflect.NativeMethodAccessorImpl.invoke(NativeMethodAccessorImpl.java:62)
	at sun.reflect.DelegatingMethodAccessorImpl.invoke(DelegatingMethodAccessorImpl.java:43)
	at java.lang.reflect.Method.invoke(Method.java:498)
	at org.apache.maven.surefire.booter.SurefireBooter.runSuitesInProcess(SurefireBooter.java:350)
	at org.apache.maven.surefire.booter.SurefireBooter.main(SurefireBooter.java:1021)
]]>
            </full-stacktrace>
          </exception> <!-- java.lang.NullPointerException -->
          <reporter-output>
          </reporter-output>
        </test-method> <!-- quitDriver -->
      </class> <!-- com.sysco.test.leadPerformanceTest_QA -->
      <class name="com.sysco.test.leadAutomationTestDeveloper">
        <test-method status="PASS" signature="initDriver()[pri:0, instance:com.sysco.test.leadAutomationTestDeveloper@10bdf5e5]" name="initDriver" is-config="true" duration-ms="5492" started-at="2016-09-12T11:41:41Z" finished-at="2016-09-12T11:41:46Z">
          <reporter-output>
          </reporter-output>
        </test-method> <!-- initDriver -->
        <test-method status="PASS" signature="mikeDoe()[pri:0, instance:com.sysco.test.leadAutomationTestDeveloper@10bdf5e5]" name="mikeDoe" duration-ms="13656" started-at="2016-09-12T11:41:46Z" finished-at="2016-09-12T11:42:00Z">
          <reporter-output>
            <line>
              <![CDATA[<a href=ScreenCapture/09-12-2016_11-00-205.png><img src=ScreenCapture/09-12-2016_11-00-205.png alt=""height='100' width='100'/> <br />]]>
            </line>
          </reporter-output>
        </test-method> <!-- mikeDoe -->
        <test-method status="PASS" signature="tearDown(org.testng.ITestResult)[pri:0, instance:com.sysco.test.leadAutomationTestDeveloper@10bdf5e5]" name="tearDown" is-config="true" duration-ms="0" started-at="2016-09-12T11:42:10Z" finished-at="2016-09-12T11:42:10Z">
          <params>
            <param index="0">
              <value>
                <![CDATA[[TestResult name=mikeDoe status=SUCCESS method=leadAutomationTestDeveloper.mikeDoe()[pri:0, instance:com.sysco.test.leadAutomationTestDeveloper@10bdf5e5] output=<a href=ScreenCapture/09-12-2016_11-00-205.png><img src=ScreenCapture/09-12-2016_11-00-205.png alt=""height='100' width='100'/> <br />]]]>
              </value>
            </param>
          </params>
          <reporter-output>
          </reporter-output>
        </test-method> <!-- tearDown -->
        <test-method status="PASS" signature="quitDriver()[pri:0, instance:com.sysco.test.leadAutomationTestDeveloper@10bdf5e5]" name="quitDriver" is-config="true" duration-ms="750" started-at="2016-09-12T11:42:10Z" finished-at="2016-09-12T11:42:10Z">
          <reporter-output>
          </reporter-output>
        </test-method> <!-- quitDriver -->
      </class> <!-- com.sysco.test.leadAutomationTestDeveloper -->
    </test> <!-- Sysco careers -->
  </suite> <!-- Suite -->
</testng-results>
