<?xml version="1.0" encoding="UTF-8"?>
<testsuite name="Sysco careers"
           tests="2"
           failures="1"
           errors="0"
           skipped="0"
           time="0.059">
  <properties />
            <testcase name="quitDriver" time="0.000" classname="com.sysco.test.leadPerformanceTest_QA">
                <failure type="java.lang.NullPointerException"
                  message="(null)"
              >
<![CDATA[java.lang.NullPointerException
  com.sysco.test.leadPerformanceTest_QA.quitDriver(leadPerformanceTest_QA.java:63)
  sun.reflect.NativeMethodAccessorImpl.invoke0(Native Method)
  sun.reflect.NativeMethodAccessorImpl.invoke(NativeMethodAccessorImpl.java:62)
  sun.reflect.DelegatingMethodAccessorImpl.invoke(DelegatingMethodAccessorImpl.java:43)
  java.lang.reflect.Method.invoke(Method.java:498)
  org.testng.internal.MethodInvocationHelper.invokeMethod(MethodInvocationHelper.java:85)
  org.testng.internal.Invoker.invokeConfigurationMethod(Invoker.java:510)
  org.testng.internal.Invoker.invokeConfigurations(Invoker.java:211)
  org.testng.internal.Invoker.invokeConfigurations(Invoker.java:138)
  org.testng.internal.TestMethodWorker.invokeAfterClassMethods(TestMethodWorker.java:220)
  org.testng.internal.TestMethodWorker.run(TestMethodWorker.java:111)
  org.testng.TestRunner.privateRun(TestRunner.java:774)
  org.testng.TestRunner.run(TestRunner.java:624)
  org.testng.SuiteRunner.runTest(SuiteRunner.java:359)
  org.testng.SuiteRunner.runSequentially(SuiteRunner.java:354)
  org.testng.SuiteRunner.privateRun(SuiteRunner.java:312)
  org.testng.SuiteRunner.run(SuiteRunner.java:261)
  org.testng.SuiteRunnerWorker.runSuite(SuiteRunnerWorker.java:52)
  org.testng.SuiteRunnerWorker.run(SuiteRunnerWorker.java:86)
  org.testng.TestNG.runSuitesSequentially(TestNG.java:1191)
  org.testng.TestNG.runSuitesLocally(TestNG.java:1116)
  org.testng.TestNG.run(TestNG.java:1024)
  org.apache.maven.surefire.testng.TestNGExecutor.run(TestNGExecutor.java:73)
  org.apache.maven.surefire.testng.TestNGXmlTestSuite.execute(TestNGXmlTestSuite.java:94)
  org.apache.maven.surefire.Surefire.run(Surefire.java:169)
  sun.reflect.NativeMethodAccessorImpl.invoke0(Native Method)
  sun.reflect.NativeMethodAccessorImpl.invoke(NativeMethodAccessorImpl.java:62)
  sun.reflect.DelegatingMethodAccessorImpl.invoke(DelegatingMethodAccessorImpl.java:43)
  java.lang.reflect.Method.invoke(Method.java:498)
  org.apache.maven.surefire.booter.SurefireBooter.runSuitesInProcess(SurefireBooter.java:350)
  org.apache.maven.surefire.booter.SurefireBooter.main(SurefireBooter.java:1021)
]]>
      </failure>

          </testcase>
  
  
            <testcase name="susanDoe" time="0.059" classname="com.sysco.test.leadPerformanceTest_QA" />
      
</testsuite>
